<?xml version="1.0" encoding="utf-8" standalone="no"?>
<test-run id="2" testcasecount="1" result="Failed" total="1" passed="0" failed="1" inconclusive="0" skipped="0" asserts="1" engine-version="3.6.1.0" clr-version="4.0.30319.42000" start-time="2017-06-03 13:57:03Z" end-time="2017-06-03 13:57:03Z" duration="0.899873">
  <command-line><![CDATA[NUnit3-console  HelloJenkinsTest.dll]]></command-line>
  <test-suite type="Assembly" id="0-1002" name="HelloJenkinsTest.dll" fullname="D:\Programming\Git\testJenkins\HelloJenkinsTest\bin\Debug\HelloJenkinsTest.dll" runstate="Runnable" testcasecount="1" result="Failed" site="Child" start-time="2017-06-03 13:57:03Z" end-time="2017-06-03 13:57:03Z" duration="0.087696" total="1" passed="0" failed="1" inconclusive="0" skipped="0" asserts="1">
    <environment framework-version="3.5.0.0" clr-version="4.0.30319.42000" os-version="Microsoft Windows NT 10.0.15063.0" platform="Win32NT" cwd="D:\Programming\Git\testJenkins\HelloJenkinsTest\bin\Debug" machine-name="TI03NB88" user="phillip.ko38" user-domain="TITANSOFT" culture="en-US" uiculture="en-US" os-architecture="x64" />
    <settings>
      <setting name="DisposeRunners" value="True" />
      <setting name="WorkDirectory" value="D:\Programming\Git\testJenkins\HelloJenkinsTest\bin\Debug" />
      <setting name="ImageRuntimeVersion" value="4.0.30319" />
      <setting name="ImageTargetFrameworkName" value=".NETFramework,Version=v4.5" />
      <setting name="ImageRequiresX86" value="False" />
      <setting name="ImageRequiresDefaultAppDomainAssemblyResolver" value="False" />
      <setting name="NumberOfTestWorkers" value="4" />
    </settings>
    <properties>
      <property name="_PID" value="12460" />
      <property name="_APPDOMAIN" value="domain-" />
    </properties>
    <failure>
      <message><![CDATA[One or more child tests had errors]]></message>
    </failure>
    <test-suite type="TestSuite" id="0-1003" name="HelloJenkinsTest" fullname="HelloJenkinsTest" runstate="Runnable" testcasecount="1" result="Failed" site="Child" start-time="2017-06-03 13:57:03Z" end-time="2017-06-03 13:57:03Z" duration="0.061875" total="1" passed="0" failed="1" inconclusive="0" skipped="0" asserts="1">
      <failure>
        <message><![CDATA[One or more child tests had errors]]></message>
      </failure>
      <test-suite type="TestFixture" id="0-1000" name="UnitTest1" fullname="HelloJenkinsTest.UnitTest1" classname="HelloJenkinsTest.UnitTest1" runstate="Runnable" testcasecount="1" result="Failed" site="Child" start-time="2017-06-03 13:57:03Z" end-time="2017-06-03 13:57:03Z" duration="0.055767" total="1" passed="0" failed="1" inconclusive="0" skipped="0" asserts="1">
        <failure>
          <message><![CDATA[One or more child tests had errors]]></message>
        </failure>
        <test-case id="0-1001" name="TestMethod1" fullname="HelloJenkinsTest.UnitTest1.TestMethod1" methodname="TestMethod1" classname="HelloJenkinsTest.UnitTest1" runstate="Runnable" seed="1002980168" result="Failed" start-time="2017-06-03 13:57:03Z" end-time="2017-06-03 13:57:03Z" duration="0.043024" asserts="1">
          <failure>
            <message><![CDATA[  Expected: True
  But was:  False
]]></message>
            <stack-trace><![CDATA[at HelloJenkinsTest.UnitTest1.TestMethod1() in d:\Programming\Git\testJenkins\HelloJenkinsTest\UnitTest1.cs:line 13
]]></stack-trace>
          </failure>
        </test-case>
      </test-suite>
    </test-suite>
  </test-suite>
</test-run>